<?xml version="1.0" encoding="UTF-8"?>
<testng-results ignored="0" total="2" passed="2" failed="0" skipped="0">
  <reporter-output>
  </reporter-output>
  <suite started-at="2023-07-01T18:23:12 IST" name="Suite" finished-at="2023-07-01T18:23:18 IST" duration-ms="6252">
    <groups>
    </groups>
    <test started-at="2023-07-01T18:23:12 IST" name="Test" finished-at="2023-07-01T18:23:18 IST" duration-ms="6252">
      <class name="saketshankar.Tests.check">
        <test-method is-config="true" signature="initialize()[pri:0, instance:saketshankar.Tests.check@5b247367]" started-at="2023-07-01T18:23:12 IST" name="initialize" finished-at="2023-07-01T18:23:13 IST" duration-ms="1698" status="PASS">
          <reporter-output>
          </reporter-output>
        </test-method> <!-- initialize -->
        <test-method signature="hiturl(java.lang.String,java.lang.String,java.lang.String)[pri:0, instance:saketshankar.Tests.check@5b247367]" started-at="2023-07-01T18:23:13 IST" name="hiturl" data-provider="getTheData" finished-at="2023-07-01T18:23:16 IST" duration-ms="2518" status="PASS">
          <params>
            <param index="0">
              <value>
                <![CDATA[https://www.google.com/]]>
              </value>
            </param>
            <param index="1">
              <value>
                <![CDATA[Welcome11]]>
              </value>
            </param>
            <param index="2">
              <value>
                <![CDATA[ZARA COAT 3]]>
              </value>
            </param>
          </params>
          <reporter-output>
          </reporter-output>
        </test-method> <!-- hiturl -->
        <test-method signature="hiturl(java.lang.String,java.lang.String,java.lang.String)[pri:0, instance:saketshankar.Tests.check@5b247367]" started-at="2023-07-01T18:23:16 IST" name="hiturl" data-provider="getTheData" finished-at="2023-07-01T18:23:18 IST" duration-ms="1906" status="PASS">
          <params>
            <param index="0">
              <value>
                <![CDATA[https://www.facebook.com/]]>
              </value>
            </param>
            <param index="1">
              <value>
                <![CDATA[Welcome11]]>
              </value>
            </param>
            <param index="2">
              <value>
                <![CDATA[IPHONE 13 PRO]]>
              </value>
            </param>
          </params>
          <reporter-output>
          </reporter-output>
        </test-method> <!-- hiturl -->
        <test-method is-config="true" signature="closeDriver()[pri:0, instance:saketshankar.Tests.check@5b247367]" started-at="2023-07-01T18:23:18 IST" name="closeDriver" finished-at="2023-07-01T18:23:18 IST" duration-ms="98" status="PASS">
          <reporter-output>
          </reporter-output>
        </test-method> <!-- closeDriver -->
      </class> <!-- saketshankar.Tests.check -->
    </test> <!-- Test -->
  </suite> <!-- Suite -->
</testng-results>
